<?xml version="1.0" encoding="UTF-8" ?>
<testsuite errors="0" failures="4" hostname="DESKTOP-DAP69SA" name="estructurasnolineales.EstructurasNoLinealesTest" skipped="0" tests="10" time="0.37" timestamp="2020-04-24T03:07:18">
  <properties>
    <property name="libs.spring-framework300.classpath" value="C:\Users\Estefania\Downloads\netbeans\ide\modules\org-apache-commons-logging.jar;C:\Users\Estefania\Downloads\netbeans\java\modules\ext\cglib-2.2.jar;C:\Users\Estefania\Downloads\netbeans\java\modules\ext\spring-3.0\spring-aop-3.2.7.RELEASE.jar;C:\Users\Estefania\Downloads\netbeans\java\modules\ext\spring-3.0\spring-aspects-3.2.7.RELEASE.jar;C:\Users\Estefania\Downloads\netbeans\java\modules\ext\spring-3.0\spring-beans-3.2.7.RELEASE.jar;C:\Users\Estefania\Downloads\netbeans\java\modules\ext\spring-3.0\spring-build-src-3.2.7.RELEASE.jar;C:\Users\Estefania\Downloads\netbeans\java\modules\ext\spring-3.0\spring-context-3.2.7.RELEASE.jar;C:\Users\Estefania\Downloads\netbeans\java\modules\ext\spring-3.0\spring-context-support-3.2.7.RELEASE.jar;C:\Users\Estefania\Downloads\netbeans\java\modules\ext\spring-3.0\spring-core-3.2.7.RELEASE.jar;C:\Users\Estefania\Downloads\netbeans\java\modules\ext\spring-3.0\spring-expression-3.2.7.RELEASE.jar;C:\Users\Estefania\Downloads\netbeans\java\modules\ext\spring-3.0\spring-framework-bom-3.2.7.RELEASE.jar;C:\Users\Estefania\Downloads\netbeans\java\modules\ext\spring-3.0\spring-instrument-3.2.7.RELEASE.jar;C:\Users\Estefania\Downloads\netbeans\java\modules\ext\spring-3.0\spring-instrument-tomcat-3.2.7.RELEASE.jar;C:\Users\Estefania\Downloads\netbeans\java\modules\ext\spring-3.0\spring-jdbc-3.2.7.RELEASE.jar;C:\Users\Estefania\Downloads\netbeans\java\modules\ext\spring-3.0\spring-jms-3.2.7.RELEASE.jar;C:\Users\Estefania\Downloads\netbeans\java\modules\ext\spring-3.0\spring-orm-3.2.7.RELEASE.jar;C:\Users\Estefania\Downloads\netbeans\java\modules\ext\spring-3.0\spring-oxm-3.2.7.RELEASE.jar;C:\Users\Estefania\Downloads\netbeans\java\modules\ext\spring-3.0\spring-struts-3.2.7.RELEASE.jar;C:\Users\Estefania\Downloads\netbeans\java\modules\ext\spring-3.0\spring-test-3.2.7.RELEASE.jar;C:\Users\Estefania\Downloads\netbeans\java\modules\ext\spring-3.0\spring-tx-3.2.7.RELEASE.jar;C:\Users\Estefania\Downloads\netbeans\java\modules\ext\spring-3.0\spring-web-3.2.7.RELEASE.jar;C:\Users\Estefania\Downloads\netbeans\java\modules\ext\spring-3.0\spring-webmvc-3.2.7.RELEASE.jar;C:\Users\Estefania\Downloads\netbeans\java\modules\ext\spring-3.0\spring-webmvc-portlet-3.2.7.RELEASE.jar" />
    <property name="javac.includesfile.binary" value="C:\Users\Estefania\Documents\GitHub\DavidMedina-Recursividad\EstructuraDatos-master\EstructurasNoLineales\null616954691" />
    <property name="javac.test.classpath" value=":build/classes:C:\Users\Estefania\Downloads\netbeans\platform\modules\ext\junit-4.12.jar:C:\Users\Estefania\Downloads\netbeans\platform\modules\ext\hamcrest-core-1.3.jar" />
    <property name="java.specification.version" value="11" />
    <property name="sun.cpu.isalist" value="amd64" />
    <property name="jar.index.metainf" value="false" />
    <property name="do.depend" value="false" />
    <property name="javadoc.preview" value="true" />
    <property name="libs.spring-framework400.classpath" value="C:\Users\Estefania\Downloads\netbeans\ide\modules\org-apache-commons-logging.jar;C:\Users\Estefania\Downloads\netbeans\java\modules\ext\cglib-2.2.jar;C:\Users\Estefania\Downloads\netbeans\java\modules\ext\spring-4\spring-aop-4.0.1.RELEASE.jar;C:\Users\Estefania\Downloads\netbeans\java\modules\ext\spring-4\spring-aspects-4.0.1.RELEASE.jar;C:\Users\Estefania\Downloads\netbeans\java\modules\ext\spring-4\spring-beans-4.0.1.RELEASE.jar;C:\Users\Estefania\Downloads\netbeans\java\modules\ext\spring-4\spring-build-src-4.0.1.RELEASE.jar;C:\Users\Estefania\Downloads\netbeans\java\modules\ext\spring-4\spring-context-4.0.1.RELEASE.jar;C:\Users\Estefania\Downloads\netbeans\java\modules\ext\spring-4\spring-context-support-4.0.1.RELEASE.jar;C:\Users\Estefania\Downloads\netbeans\java\modules\ext\spring-4\spring-core-4.0.1.RELEASE.jar;C:\Users\Estefania\Downloads\netbeans\java\modules\ext\spring-4\spring-expression-4.0.1.RELEASE.jar;C:\Users\Estefania\Downloads\netbeans\java\modules\ext\spring-4\spring-framework-bom-4.0.1.RELEASE.jar;C:\Users\Estefania\Downloads\netbeans\java\modules\ext\spring-4\spring-instrument-4.0.1.RELEASE.jar;C:\Users\Estefania\Downloads\netbeans\java\modules\ext\spring-4\spring-instrument-tomcat-4.0.1.RELEASE.jar;C:\Users\Estefania\Downloads\netbeans\java\modules\ext\spring-4\spring-jdbc-4.0.1.RELEASE.jar;C:\Users\Estefania\Downloads\netbeans\java\modules\ext\spring-4\spring-jms-4.0.1.RELEASE.jar;C:\Users\Estefania\Downloads\netbeans\java\modules\ext\spring-4\spring-messaging-4.0.1.RELEASE.jar;C:\Users\Estefania\Downloads\netbeans\java\modules\ext\spring-4\spring-orm-4.0.1.RELEASE.jar;C:\Users\Estefania\Downloads\netbeans\java\modules\ext\spring-4\spring-oxm-4.0.1.RELEASE.jar;C:\Users\Estefania\Downloads\netbeans\java\modules\ext\spring-4\spring-test-4.0.1.RELEASE.jar;C:\Users\Estefania\Downloads\netbeans\java\modules\ext\spring-4\spring-tx-4.0.1.RELEASE.jar;C:\Users\Estefania\Downloads\netbeans\java\modules\ext\spring-4\spring-web-4.0.1.RELEASE.jar;C:\Users\Estefania\Downloads\netbeans\java\modules\ext\spring-4\spring-webmvc-4.0.1.RELEASE.jar;C:\Users\Estefania\Downloads\netbeans\java\modules\ext\spring-4\spring-webmvc-portlet-4.0.1.RELEASE.jar;C:\Users\Estefania\Downloads\netbeans\java\modules\ext\spring-4\spring-websocket-4.0.1.RELEASE.jar" />
    <property name="sun.arch.data.model" value="64" />
    <property name="test.binaryincludes" value="&lt;nothing&gt;" />
    <property name="nb.show.statistics.ui" value="usageStatisticsEnabled" />
    <property name="debug-transport" value="dt_shmem" />
    <property name="java.vendor.url" value="http://java.oracle.com/" />
    <property name="annotation.processing.enabled" value="true" />
    <property name="libs.junit_5.src" value="C:\Users\Estefania\Downloads\netbeans\platform\docs\junit-jupiter-api-5.3.1-sources.jar;C:\Users\Estefania\Downloads\netbeans\platform\docs\junit-jupiter-params-5.3.1-sources.jar;C:\Users\Estefania\Downloads\netbeans\platform\docs\junit-jupiter-engine-5.3.1-sources.jar" />
    <property name="debug.modulepath" value="" />
    <property name="libs.jaxb.classpath" value="C:\Users\Estefania\Downloads\netbeans\ide\modules\ext\jaxb\jaxb-impl-2.2.5-2.jar;C:\Users\Estefania\Downloads\netbeans\ide\modules\ext\jaxb\jaxb-xjc-2.2.5-2.jar;C:\Users\Estefania\Downloads\netbeans\ide\modules\ext\jaxb\jaxb1-impl-2.2.5-2.jar;C:\Users\Estefania\Downloads\netbeans\ide\modules\ext\jaxb\activation.jar;C:\Users\Estefania\Downloads\netbeans\ide\modules\ext\jaxb\api\jaxb-api.jar" />
    <property name="libs.eclipselink.javadoc" value="" />
    <property name="libs.JWSAntTasks.javadoc" value="" />
    <property name="sun.boot.library.path" value="C:\Program Files\Java\jdk-11.0.2\bin" />
    <property name="libs.CopyLibs.src" value="" />
    <property name="sun.java.command" value="org.apache.tools.ant.taskdefs.optional.junit.JUnitTestRunner estructurasnolineales.EstructurasNoLinealesTest skipNonTests=false filtertrace=true haltOnError=false haltOnFailure=false showoutput=true outputtoformatters=true logfailedtests=true threadid=0 logtestlistenerevents=true formatter=org.apache.tools.ant.taskdefs.optional.junit.BriefJUnitResultFormatter formatter=org.apache.tools.ant.taskdefs.optional.junit.XMLJUnitResultFormatter,C:\Users\Estefania\Documents\GitHub\DavidMedina-Recursividad\EstructuraDatos-master\EstructurasNoLineales\build\test\results\TEST-estructurasnolineales.EstructurasNoLinealesTest.xml crashfile=C:\Users\Estefania\Documents\GitHub\DavidMedina-Recursividad\EstructuraDatos-master\EstructurasNoLineales\build\junitvmwatcher13734324909150200741.properties propsfile=C:\Users\Estefania\Documents\GitHub\DavidMedina-Recursividad\EstructuraDatos-master\EstructurasNoLineales\build\junit13767376292348676078.properties" />
    <property name="jdk.debug" value="release" />
    <property name="libs.spring-framework300.src" value="" />
    <property name="javac.source" value="1.8" />
    <property name="java.specification.vendor" value="Oracle Corporation" />
    <property name="javadoc.use" value="true" />
    <property name="libs.javac-api.maven-pom" value="" />
    <property name="java.version.date" value="2019-01-15" />
    <property name="javadoc.notree" value="false" />
    <property name="java.home" value="C:\Program Files\Java\jdk-11.0.2" />
    <property name="basedir" value="C:\Users\Estefania\Documents\GitHub\DavidMedina-Recursividad\EstructuraDatos-master\EstructurasNoLineales" />
    <property name="work.dir" value="C:\Users\Estefania\Documents\GitHub\DavidMedina-Recursividad\EstructuraDatos-master\EstructurasNoLineales" />
    <property name="javac.test.compilerargs" value="" />
    <property name="jna.boot.library.name" value="jnidispatch-440" />
    <property name="java.vm.specification.vendor" value="Oracle Corporation" />
    <property name="java.specification.name" value="Java Platform API Specification" />
    <property name="libs.PostgreSQLDriver.classpath" value="C:\Users\Estefania\Downloads\netbeans\ide\modules\ext\postgresql-42.2.5.jar" />
    <property name="libs.javac-api.javadoc" value="" />
    <property name="libs.JAXB-ENDORSED.src" value="" />
    <property name="netbeans.extbrowser.manual_chrome_plugin_install" value="yes" />
    <property name="user.script" value="" />
    <property name="manifest.encoding" value="UTF-8" />
    <property name="netbeans.default_userdir_root" value="C:\Users\Estefania\AppData\Roaming\NetBeans" />
    <property name="libs.spring-framework400.src" value="" />
    <property name="sun.management.compiler" value="HotSpot 64-Bit Tiered Compilers" />
    <property name="jdk.home" value="C:\Program Files\Java\jdk-11.0.2" />
    <property name="run.test.modulepath" value="" />
    <property name="java.runtime.version" value="11.0.2+9-LTS" />
    <property name="libs.eclipselink.maven-pom" value="" />
    <property name="libs.JAXB-ENDORSED.javadoc" value="" />
    <property name="debug.test.modulepath" value="" />
    <property name="file.encoding" value="Cp1252" />
    <property name="sun.java2d.noddraw" value="true" />
    <property name="sun.zip.disableMemoryMapping" value="true" />
    <property name="java.util.logging.config.class" value="org.netbeans.core.startup.TopLogging" />
    <property name="https.nonProxyHosts" value="localhost|127.0.0.1|DESKTOP-DAP69SA" />
    <property name="libs.groovy-all.maven-pom" value="" />
    <property name="java.vendor.version" value="18.9" />
    <property name="libs.junit_5.javadoc" value="C:\Users\Estefania\Downloads\netbeans\platform\docs\junit-jupiter-api-5.3.1-javadoc.jar;C:\Users\Estefania\Downloads\netbeans\platform\docs\junit-jupiter-params-5.3.1-javadoc.jar;C:\Users\Estefania\Downloads\netbeans\platform\docs\junit-jupiter-engine-5.3.1-javadoc.jar" />
    <property name="libs.absolutelayout.classpath" value="C:\Users\Estefania\Downloads\netbeans\java\modules\ext\AbsoluteLayout.jar" />
    <property name="dist.archive.excludes" value="" />
    <property name="java.io.tmpdir" value="C:\Users\ESTEFA~1\AppData\Local\Temp\" />
    <property name="do.archive" value="true" />
    <property name="java.version" value="11.0.2" />
    <property name="java.vm.specification.name" value="Java Virtual Machine Specification" />
    <property name="java.awt.printerjob" value="sun.awt.windows.WPrinterJob" />
    <property name="built-jar.properties" value="C:\Users\Estefania\Documents\GitHub\DavidMedina-Recursividad\EstructuraDatos-master\EstructurasNoLineales\build\built-jar.properties" />
    <property name="nb.native.filechooser" value="false" />
    <property name="libs.testng.src" value="" />
    <property name="java.library.path" value="C:\Program Files\Java\jdk-11.0.2\bin;C:\WINDOWS\Sun\Java\bin;C:\WINDOWS\system32;C:\WINDOWS;C:\Program Files (x86)\Common Files\Oracle\Java\javapath;C:\WINDOWS\system32;C:\WINDOWS;C:\WINDOWS\System32\Wbem;C:\WINDOWS\System32\WindowsPowerShell\v1.0\;C:\WINDOWS\System32\OpenSSH\;C:\Program Files\nodejs\;C:\WINDOWS\system32\config\systemprofile\.dnx\bin;C:\Program Files\Microsoft DNX\Dnvm\;C:\Program Files\Microsoft SQL Server\130\Tools\Binn\;C:\Users\Estefania\AppData\Local\Microsoft\WindowsApps;C:\Users\Estefania\AppData\Roaming\npm;C:\Users\Estefania\Desktop\Microsoft VS Code\bin;C:\Users\Estefania\AppData\Local\GitHubDesktop\bin;." />
    <property name="platform.active" value="default_platform" />
    <property name="libs.hamcrest.src" value="" />
    <property name="java.vendor" value="Oracle Corporation" />
    <property name="manifest.file" value="manifest.mf" />
    <property name="libs.testng.javadoc" value="C:\Users\Estefania\Downloads\netbeans\platform\docs\testng-6.8.1-javadoc.zip" />
    <property name="libs.groovy-all.src" value="" />
    <property name="meta.inf.dir" value="src/META-INF" />
    <property name="sun.io.unicode.encoding" value="UnicodeLittle" />
    <property name="compile.on.save" value="true" />
    <property name="libs.testng.maven-pom" value="" />
    <property name="org.openide.version" value="deprecated" />
    <property name="sun.desktop" value="windows" />
    <property name="default.javac.source" value="11" />
    <property name="test.includes" value="estructurasnolineales/EstructurasNoLinealesTest.java" />
    <property name="netbeans.dynamic.classpath" value="C:\Users\Estefania\Downloads\netbeans\platform\core\asm-all-5.0.1.jar;C:\Users\Estefania\Downloads\netbeans\platform\core\core-base.jar;C:\Users\Estefania\Downloads\netbeans\platform\core\core.jar;C:\Users\Estefania\Downloads\netbeans\platform\core\org-netbeans-libs-asm.jar;C:\Users\Estefania\Downloads\netbeans\platform\core\org-openide-filesystems-compat8.jar;C:\Users\Estefania\Downloads\netbeans\platform\core\org-openide-filesystems.jar;C:\Users\Estefania\Downloads\netbeans\nb\core\org-netbeans-upgrader.jar;C:\Users\Estefania\Downloads\netbeans\nb\core\locale\core_nb.jar" />
    <property name="run.classpath" value=":build/classes" />
    <property name="libs.jaxb.src" value="" />
    <property name="libs.eclipselinkmodelgen.classpath" value="C:\Users\Estefania\Downloads\netbeans\java\modules\ext\eclipselink\org.eclipse.persistence.jpa.modelgen.processor-2.5.2.jar" />
    <property name="test.src.dir" value="test" />
    <property name="sun.awt.enableExtraMouseButtons" value="true" />
    <property name="org.openide.major.version" value="IDE/1" />
    <property name="libs.spring-framework300.javadoc" value="" />
    <property name="netbeans.buildnumber" value="incubator-netbeans-release-380-on-20181217" />
    <property name="ap.proc.none.internal" value="" />
    <property name="endorsed.classpath.cmd.line.arg" value="" />
    <property name="org.openide.specification.version" value="6.2" />
    <property name="user.timezone" value="" />
    <property name="libs.jpa20-persistence.maven-pom" value="" />
    <property name="jar.index" value="false" />
    <property name="libs.jpa20-persistence.classpath" value="C:\Users\Estefania\Downloads\netbeans\java\modules\ext\eclipselink\javax.persistence-2.1.0.jar" />
    <property name="os.name" value="Windows 10" />
    <property name="libs.junit_5.classpath" value="C:\Users\Estefania\Downloads\netbeans\platform\modules\ext\junit-jupiter-api-5.3.1.jar;C:\Users\Estefania\Downloads\netbeans\platform\modules\ext\junit-jupiter-params-5.3.1.jar;C:\Users\Estefania\Downloads\netbeans\platform\modules\ext\junit-jupiter-engine-5.3.1.jar" />
    <property name="libs.eclipselinkmodelgen.javadoc" value="" />
    <property name="libs.CopyLibs.maven-pom" value="" />
    <property name="java.vm.specification.version" value="11" />
    <property name="build.sysclasspath" value="ignore" />
    <property name="javadoc.noindex" value="false" />
    <property name="ant.file.type.EstructurasNoLineales" value="file" />
    <property name="javadoc.private" value="false" />
    <property name="jdkBug6558476" value="false" />
    <property name="javadoc.author" value="false" />
    <property name="http.nonProxyHosts" value="localhost|127.0.0.1|DESKTOP-DAP69SA" />
    <property name="main.class" value="estructurasnolineales.EstructurasNoLineales" />
    <property name="libs.JAXB-ENDORSED.maven-pom" value="" />
    <property name="user.home" value="C:\Users\Estefania" />
    <property name="source.encoding" value="UTF-8" />
    <property name="libs.eclipselinkmodelgen.maven-pom" value="" />
    <property name="jar.compress" value="false" />
    <property name="have.sources" value="true" />
    <property name="annotation.processing.processors.list" value="" />
    <property name="javac.deprecation" value="false" />
    <property name="java.awt.graphicsenv" value="sun.awt.Win32GraphicsEnvironment" />
    <property name="ant.file.EstructurasNoLineales-impl" value="C:\Users\Estefania\Documents\GitHub\DavidMedina-Recursividad\EstructuraDatos-master\EstructurasNoLineales\nbproject\build-impl.xml" />
    <property name="build.generated.sources.dir" value="build/generated-sources" />
    <property name="apple.awt.graphics.UseQuartz" value="true" />
    <property name="plugin.manager.check.updates" value="false" />
    <property name="run.jvmargs" value="" />
    <property name="netbeans.autoupdate.language" value="en" />
    <property name="build.compiler.emacs" value="true" />
    <property name="libs.eclipselinkmodelgen.src" value="" />
    <property name="build.classes.excludes" value="**/*.java,**/*.form" />
    <property name="dist.jar" value="dist/EstructurasNoLineales.jar" />
    <property name="ant.file" value="C:\Users\Estefania\Documents\GitHub\DavidMedina-Recursividad\EstructuraDatos-master\EstructurasNoLineales\build.xml" />
    <property name="path.separator" value=";" />
    <property name="os.version" value="10.0" />
    <property name="libs.JAXB-ENDORSED.classpath" value="C:\Users\Estefania\Downloads\netbeans\ide\modules\ext\jaxb\api\jaxb-api.jar" />
    <property name="netbeans.home" value="C:\Users\Estefania\Downloads\netbeans\platform" />
    <property name="libs.CopyLibs.javadoc" value="" />
    <property name="build.test.results.dir" value="build/test/results" />
    <property name="debug-transport-by-os" value="dt_shmem" />
    <property name="libs.jaxws21.javadoc" value="C:\Users\Estefania\Downloads\netbeans\java\docs\jaxws-api-doc.zip" />
    <property name="libs.spring-framework400.maven-pom" value="" />
    <property name="ap.processors.internal" value="" />
    <property name="java.vm.name" value="Java HotSpot(TM) 64-Bit Server VM" />
    <property name="libs.jaxws21.classpath" value="C:\Users\Estefania\Downloads\netbeans\java\modules\ext\jaxws22\FastInfoset.jar;C:\Users\Estefania\Downloads\netbeans\java\modules\ext\jaxws22\gmbal-api-only.jar;C:\Users\Estefania\Downloads\netbeans\java\modules\ext\jaxws22\ha-api.jar;C:\Users\Estefania\Downloads\netbeans\java\modules\ext\jaxws22\javax.mail_1.4.jar;C:\Users\Estefania\Downloads\netbeans\java\modules\ext\jaxws22\jaxws-rt.jar;C:\Users\Estefania\Downloads\netbeans\java\modules\ext\jaxws22\jaxws-tools.jar;C:\Users\Estefania\Downloads\netbeans\java\modules\ext\jaxws22\management-api.jar;C:\Users\Estefania\Downloads\netbeans\java\modules\ext\jaxws22\mimepull.jar;C:\Users\Estefania\Downloads\netbeans\java\modules\ext\jaxws22\policy.jar;C:\Users\Estefania\Downloads\netbeans\java\modules\ext\jaxws22\saaj-impl.jar;C:\Users\Estefania\Downloads\netbeans\java\modules\ext\jaxws22\stax-ex.jar;C:\Users\Estefania\Downloads\netbeans\java\modules\ext\jaxws22\stax2-api.jar;C:\Users\Estefania\Downloads\netbeans\java\modules\ext\jaxws22\streambuffer.jar;C:\Users\Estefania\Downloads\netbeans\java\modules\ext\jaxws22\woodstox-core-asl.jar;C:\Users\Estefania\Downloads\netbeans\java\modules\ext\jaxws22\api\jaxws-api.jar;C:\Users\Estefania\Downloads\netbeans\java\modules\ext\jaxws22\api\jsr181-api.jar;C:\Users\Estefania\Downloads\netbeans\java\modules\ext\jaxws22\api\javax.annotation.jar;C:\Users\Estefania\Downloads\netbeans\java\modules\ext\jaxws22\api\saaj-api.jar;C:\Users\Estefania\Downloads\netbeans\ide\modules\ext\jaxb\activation.jar;C:\Users\Estefania\Downloads\netbeans\ide\modules\ext\jaxb\api\jaxb-api.jar" />
    <property name="os.arch" value="amd64" />
    <property name="libs.hamcrest.javadoc" value="" />
    <property name="libs.spring-framework400.javadoc" value="" />
    <property name="build.generated.dir" value="build/generated" />
    <property name="libs.javac-api.src" value="" />
    <property name="libs.groovy-all.javadoc" value="" />
    <property name="java.vm.info" value="mixed mode" />
    <property name="libs.jaxws21.maven-pom" value="" />
    <property name="run.test.classpath" value=":build/classes:C:\Users\Estefania\Downloads\netbeans\platform\modules\ext\junit-4.12.jar:C:\Users\Estefania\Downloads\netbeans\platform\modules\ext\hamcrest-core-1.3.jar:build/test/classes" />
    <property name="javadoc.encoding.used" value="UTF-8" />
    <property name="java.class.version" value="55.0" />
    <property name="src.dir" value="src" />
    <property name="org.netbeans.io.suspend" value="0" />
    <property name="debug.classpath" value=":build/classes" />
    <property name="ant.project.default-target" value="default" />
    <property name="awt.toolkit" value="sun.awt.windows.WToolkit" />
    <property name="excludes" value="" />
    <property name="ant.project.name" value="EstructurasNoLineales" />
    <property name="dist.javadoc.dir" value="dist/javadoc" />
    <property name="run.test.jvmargs" value="" />
    <property name="libs.junit_4.javadoc" value="C:\Users\Estefania\Downloads\netbeans\platform\docs\junit-4.12-javadoc.jar" />
    <property name="sun.jnu.encoding" value="Cp1252" />
    <property name="default.javac.target" value="11" />
    <property name="javac.fork" value="true" />
    <property name="libs.eclipselink.classpath" value="C:\Users\Estefania\Downloads\netbeans\java\modules\ext\eclipselink\org.eclipse.persistence.core-2.5.2.jar;C:\Users\Estefania\Downloads\netbeans\java\modules\ext\eclipselink\org.eclipse.persistence.asm-2.5.2.jar;C:\Users\Estefania\Downloads\netbeans\java\modules\ext\eclipselink\org.eclipse.persistence.antlr-2.5.2.jar;C:\Users\Estefania\Downloads\netbeans\java\modules\ext\eclipselink\org.eclipse.persistence.jpa-2.5.2.jar;C:\Users\Estefania\Downloads\netbeans\java\modules\ext\eclipselink\org.eclipse.persistence.jpa.jpql-2.5.2.jar;C:\Users\Estefania\Downloads\netbeans\java\modules\ext\eclipselink\javax.persistence-2.1.0.jar" />
    <property name="sun.java2d.dpiaware" value="true" />
    <property name="libs.javac-api.classpath" value="" />
    <property name="main.class.available" value="true" />
    <property name="ant.file.type.EstructurasNoLineales-impl" value="file" />
    <property name="netbeans.importclass" value="org.netbeans.upgrade.AutoUpgrade" />
    <property name="libs.PostgreSQLDriver.maven-pom" value="" />
    <property name="netbeans.autoupdate.version" value="1.23" />
    <property name="libs.absolutelayout.src" value="" />
    <property name="empty.dir" value="C:\Users\Estefania\Documents\GitHub\DavidMedina-Recursividad\EstructuraDatos-master\EstructurasNoLineales\build\empty" />
    <property name="testng.mode" value="testng" />
    <property name="annotation.processing.enabled.in.editor" value="false" />
    <property name="netbeans.user" value="C:\Users\Estefania\AppData\Roaming\NetBeans\10.0" />
    <property name="javac.includes.binary" value="C:\Users\Estefania\Documents\GitHub\DavidMedina-Recursividad\EstructuraDatos-master\EstructurasNoLineales\build\test\classes\estructurasnolineales\EstructurasNoLinealesTest.class" />
    <property name="file.separator" value="\" />
    <property name="java.vm.compressedOopsMode" value="32-bit" />
    <property name="line.separator" value="&#xd;&#xa;" />
    <property name="javadoc.additionalparam" value="" />
    <property name="netbeans.productversion" value="Apache NetBeans IDE 10.0 (Build incubator-netbeans-release-380-on-20181217)" />
    <property name="javac.debug" value="true" />
    <property name="libs.testng.classpath" value="C:\Users\Estefania\Downloads\netbeans\platform\modules\ext\testng-6.8.1-dist.jar" />
    <property name="mkdist.disabled" value="false" />
    <property name="user.name" value="Estefania" />
    <property name="build.classes.dir" value="build/classes" />
    <property name="javadoc.windowtitle" value="" />
    <property name="nb.junit.single" value="false" />
    <property name="nb.internal.action.name" value="run.single" />
    <property name="libs.groovy-all.classpath" value="C:\Users\Estefania\Downloads\netbeans\groovy\modules\ext\groovy.jar;C:\Users\Estefania\Downloads\netbeans\groovy\modules\ext\groovy-ant.jar" />
    <property name="libs.absolutelayout.javadoc" value="" />
    <property name="libs.jaxws21.src" value="" />
    <property name="libs.jaxb.maven-pom" value="" />
    <property name="annotation.processing.processor.options" value="" />
    <property name="dist.dir" value="dist" />
    <property name="build.dir" value="build" />
    <property name="jna.loaded" value="true" />
    <property name="netbeans.autoupdate.variant" value="" />
    <property name="libs.junit_5.maven-pom" value="" />
    <property name="libs.jpa20-persistence.javadoc" value="" />
    <property name="javadoc.version" value="false" />
    <property name="ant.junit.enabletestlistenerevents" value="true" />
    <property name="libs.JWSAntTasks.src" value="" />
    <property name="ant.home" value="C:\Users\Estefania\Downloads\netbeans\extide\ant" />
    <property name="libs.CopyLibs.classpath" value="C:\Users\Estefania\Downloads\netbeans\java\ant\extra\org-netbeans-modules-java-j2seproject-copylibstask.jar" />
    <property name="have.tests" value="true" />
    <property name="sun.os.patch.level" value="" />
    <property name="debug.test.classpath" value=":build/classes:C:\Users\Estefania\Downloads\netbeans\platform\modules\ext\junit-4.12.jar:C:\Users\Estefania\Downloads\netbeans\platform\modules\ext\hamcrest-core-1.3.jar:build/test/classes" />
    <property name="javac.external.vm" value="true" />
    <property name="testng.debug.mode" value="" />
    <property name="javac.target" value="1.8" />
    <property name="ant.version" value="Apache Ant(TM) version 1.10.4 compiled on June 19 2018" />
    <property name="libs.absolutelayout.maven-pom" value="" />
    <property name="jdk.gtk.version" value="2.2" />
    <property name="javac.test.processorpath" value=":build/classes:C:\Users\Estefania\Downloads\netbeans\platform\modules\ext\junit-4.12.jar:C:\Users\Estefania\Downloads\netbeans\platform\modules\ext\hamcrest-core-1.3.jar" />
    <property name="java.failonerror" value="true" />
    <property name="netbeans.dirs" value="C:\Users\Estefania\Downloads\netbeans\nb;C:\Users\Estefania\Downloads\netbeans\ergonomics;C:\Users\Estefania\Downloads\netbeans\ide;C:\Users\Estefania\Downloads\netbeans\extide;C:\Users\Estefania\Downloads\netbeans\java;C:\Users\Estefania\Downloads\netbeans\apisupport;C:\Users\Estefania\Downloads\netbeans\webcommon;C:\Users\Estefania\Downloads\netbeans\websvccommon;C:\Users\Estefania\Downloads\netbeans\enterprise;C:\Users\Estefania\Downloads\netbeans\mobility;C:\Users\Estefania\Downloads\netbeans\profiler;C:\Users\Estefania\Downloads\netbeans\python;C:\Users\Estefania\Downloads\netbeans\php;C:\Users\Estefania\Downloads\netbeans\identity;C:\Users\Estefania\Downloads\netbeans\harness;C:\Users\Estefania\Downloads\netbeans\cnd;C:\Users\Estefania\Downloads\netbeans\cndext;C:\Users\Estefania\Downloads\netbeans\dlight;C:\Users\Estefania\Downloads\netbeans\groovy;C:\Users\Estefania\Downloads\netbeans\extra;C:\Users\Estefania\Downloads\netbeans\javacard;C:\Users\Estefania\Downloads\netbeans\javafx" />
    <property name="javac.modulepath" value="" />
    <property name="user.properties.file" value="C:\Users\Estefania\AppData\Roaming\NetBeans\10.0\build.properties" />
    <property name="javac.includes" value="estructurasnolineales/EstructurasNoLinealesTest.java" />
    <property name="libs.hamcrest.maven-pom" value="" />
    <property name="netbeans.autoupdate.country" value="US" />
    <property name="javac.processorpath" value="" />
    <property name="java.class.path" value="C:\Users\Estefania\Documents\GitHub\DavidMedina-Recursividad\EstructuraDatos-master\EstructurasNoLineales\build\classes;C:\Users\Estefania\Downloads\netbeans\platform\modules\ext\junit-4.12.jar;C:\Users\Estefania\Downloads\netbeans\platform\modules\ext\hamcrest-core-1.3.jar;C:\Users\Estefania\Documents\GitHub\DavidMedina-Recursividad\EstructuraDatos-master\EstructurasNoLineales\build\test\classes;C:\Users\Estefania\Downloads\netbeans\extide\ant\lib\ant-launcher.jar;C:\Users\Estefania\Downloads\netbeans\extide\ant\lib\ant.jar;C:\Users\Estefania\Downloads\netbeans\extide\ant\lib\ant-junit.jar;C:\Users\Estefania\Downloads\netbeans\extide\ant\lib\ant-junit4.jar" />
    <property name="libs.JWSAntTasks.maven-pom" value="" />
    <property name="java.vm.vendor" value="Oracle Corporation" />
    <property name="ap.supported.internal" value="true" />
    <property name="user.variant" value="" />
    <property name="netbeans.home+have.tests" value="true" />
    <property name="run.modulepath" value="" />
    <property name="test.binaryexcludes" value="" />
    <property name="do.archive+manifest.available" value="true" />
    <property name="javac.compilerargs" value="" />
    <property name="apple.laf.useScreenMenuBar" value="true" />
    <property name="user.country" value="US" />
    <property name="sun.java.launcher" value="SUN_STANDARD" />
    <property name="libs.jpa20-persistence.src" value="" />
    <property name="javac.test.sourcepath" value="C:\Users\Estefania\Documents\GitHub\DavidMedina-Recursividad\EstructuraDatos-master\EstructurasNoLineales\build\empty" />
    <property name="sun.cpu.endian" value="little" />
    <property name="libs.junit_4.src" value="C:\Users\Estefania\Downloads\netbeans\platform\docs\junit-4.12-sources.jar" />
    <property name="user.language" value="en" />
    <property name="copylibs.rebase" value="true" />
    <property name="includes" value="**" />
    <property name="javadoc.nonavbar" value="false" />
    <property name="ant.java.version" value="11" />
    <property name="libs.junit_4.classpath" value="C:\Users\Estefania\Downloads\netbeans\platform\modules\ext\junit-4.12.jar" />
    <property name="libs.hamcrest.classpath" value="C:\Users\Estefania\Downloads\netbeans\platform\modules\ext\hamcrest-core-1.3.jar" />
    <property name="javadoc.splitindex" value="true" />
    <property name="libs.JWSAntTasks.classpath" value="C:\Users\Estefania\Downloads\netbeans\java\ant\extra\org-netbeans-modules-javawebstart-anttasks.jar" />
    <property name="junit.available" value="true" />
    <property name="test.binarytestincludes" value="" />
    <property name="sun.awt.keepWorkingSetOnMinimize" value="true" />
    <property name="libs.junit_4.maven-pom" value="" />
    <property name="javac.processormodulepath" value="" />
    <property name="runtime.encoding" value="UTF-8" />
    <property name="javadoc.encoding" value="UTF-8" />
    <property name="javac.classpath" value="" />
    <property name="do.mkdist" value="true" />
    <property name="netbeans.hash.code" value="unique=0b264c8ee-8652-4b45-9d86-bed51c32cc70_241ce044-61a9-455e-b42f-7f0813e0657c" />
    <property name="nb.junit.batch" value="true" />
    <property name="build.test.classes.dir" value="build/test/classes" />
    <property name="java.runtime.name" value="Java(TM) SE Runtime Environment" />
    <property name="libs.jaxb.javadoc" value="C:\Users\Estefania\Downloads\netbeans\ide\docs\jaxb-api-2.2.5-javadoc.jar" />
    <property name="manifest.available" value="true" />
    <property name="libs.spring-framework300.maven-pom" value="" />
    <property name="ant.project.invoked-targets" value="test-single" />
    <property name="run.jvmargs.ide" value="" />
    <property name="ap.cmd.line.internal" value="" />
    <property name="libs.PostgreSQLDriver.src" value="" />
    <property name="ant.core.lib" value="C:\Users\Estefania\Downloads\netbeans\extide\ant\lib\ant.jar" />
    <property name="java.vendor.url.bug" value="http://bugreport.java.com/bugreport/" />
    <property name="annotation.processing.source.output" value="build/generated-sources/ap-source-output" />
    <property name="ant.file.EstructurasNoLineales" value="C:\Users\Estefania\Documents\GitHub\DavidMedina-Recursividad\EstructuraDatos-master\EstructurasNoLineales\build.xml" />
    <property name="javac.profile.cmd.line.arg" value="" />
    <property name="user.dir" value="C:\Users\Estefania\Documents\GitHub\DavidMedina-Recursividad\EstructuraDatos-master\EstructurasNoLineales" />
    <property name="platform.java" value="C:\Program Files\Java\jdk-11.0.2/bin/java" />
    <property name="do.archive+main.class.available" value="true" />
    <property name="application.args" value="" />
    <property name="javac.test.modulepath" value="" />
    <property name="org.xml.sax.driver" value="com.sun.org.apache.xerces.internal.jaxp.SAXParserImpl$JAXPSAXParser" />
    <property name="libs.PostgreSQLDriver.javadoc" value="" />
    <property name="libs.eclipselink.src" value="" />
    <property name="java.vm.version" value="11.0.2+9-LTS" />
    <property name="test.class" value="estructurasnolineales.EstructurasNoLinealesTest" />
    <property name="sun.awt.datatransfer.timeout" value="1000" />
    <property name="junit.forkmode" value="perTest" />
    <property name="annotation.processing.run.all.processors" value="true" />
  </properties>
  <testcase classname="estructurasnolineales.EstructurasNoLinealesTest" name="testCountLeafs" time="0.002" />
  <testcase classname="estructurasnolineales.EstructurasNoLinealesTest" name="testCountNodes" time="0.0" />
  <testcase classname="estructurasnolineales.EstructurasNoLinealesTest" name="testLastLevel" time="0.012">
    <failure message="expected:&lt;3&gt; but was:&lt;12&gt;" type="junit.framework.AssertionFailedError">junit.framework.AssertionFailedError: expected:&lt;3&gt; but was:&lt;12&gt;
	at estructurasnolineales.EstructurasNoLinealesTest.testLastLevel(EstructurasNoLinealesTest.java:141)
	at java.base/jdk.internal.reflect.NativeMethodAccessorImpl.invoke0(Native Method)
	at java.base/jdk.internal.reflect.NativeMethodAccessorImpl.invoke(NativeMethodAccessorImpl.java:62)
	at java.base/jdk.internal.reflect.DelegatingMethodAccessorImpl.invoke(DelegatingMethodAccessorImpl.java:43)
</failure>
  </testcase>
  <testcase classname="estructurasnolineales.EstructurasNoLinealesTest" name="testPostorden" time="0.002" />
  <testcase classname="estructurasnolineales.EstructurasNoLinealesTest" name="testDeleteOneByOne" time="0.006">
    <failure message="expected:&lt;7 10 [18 21 23 24] &gt; but was:&lt;7 10 [23 24 21 23 24 30] &gt;" type="junit.framework.AssertionFailedError">junit.framework.AssertionFailedError: expected:&lt;7 10 [18 21 23 24] &gt; but was:&lt;7 10 [23 24 21 23 24 30] &gt;
	at estructurasnolineales.EstructurasNoLinealesTest.testDeleteOneByOne(EstructurasNoLinealesTest.java:119)
	at java.base/jdk.internal.reflect.NativeMethodAccessorImpl.invoke0(Native Method)
	at java.base/jdk.internal.reflect.NativeMethodAccessorImpl.invoke(NativeMethodAccessorImpl.java:62)
	at java.base/jdk.internal.reflect.DelegatingMethodAccessorImpl.invoke(DelegatingMethodAccessorImpl.java:43)
</failure>
  </testcase>
  <testcase classname="estructurasnolineales.EstructurasNoLinealesTest" name="testPreorden" time="0.001" />
  <testcase classname="estructurasnolineales.EstructurasNoLinealesTest" name="testLevelOrder" time="0.003">
    <failure message="expected:&lt;[10 &#xa;7 21 &#xa;18 23 &#xa;24 ]&gt; but was:&lt;[]&gt;" type="junit.framework.AssertionFailedError">junit.framework.AssertionFailedError: expected:&lt;[10 
7 21 
18 23 
24 ]&gt; but was:&lt;[]&gt;
	at estructurasnolineales.EstructurasNoLinealesTest.testLevelOrder(EstructurasNoLinealesTest.java:151)
	at java.base/jdk.internal.reflect.NativeMethodAccessorImpl.invoke0(Native Method)
	at java.base/jdk.internal.reflect.NativeMethodAccessorImpl.invoke(NativeMethodAccessorImpl.java:62)
	at java.base/jdk.internal.reflect.DelegatingMethodAccessorImpl.invoke(DelegatingMethodAccessorImpl.java:43)
</failure>
  </testcase>
  <testcase classname="estructurasnolineales.EstructurasNoLinealesTest" name="testDeleteOne" time="0.0" />
  <testcase classname="estructurasnolineales.EstructurasNoLinealesTest" name="testDeleteRoot" time="0.002">
    <failure message="expected:&lt;[]99 &gt; but was:&lt;[55 ]99 &gt;" type="junit.framework.AssertionFailedError">junit.framework.AssertionFailedError: expected:&lt;[]99 &gt; but was:&lt;[55 ]99 &gt;
	at estructurasnolineales.EstructurasNoLinealesTest.testDeleteRoot(EstructurasNoLinealesTest.java:134)
	at java.base/jdk.internal.reflect.NativeMethodAccessorImpl.invoke0(Native Method)
	at java.base/jdk.internal.reflect.NativeMethodAccessorImpl.invoke(NativeMethodAccessorImpl.java:62)
	at java.base/jdk.internal.reflect.DelegatingMethodAccessorImpl.invoke(DelegatingMethodAccessorImpl.java:43)
</failure>
  </testcase>
  <testcase classname="estructurasnolineales.EstructurasNoLinealesTest" name="testInorden" time="0.001" />
  <system-out><![CDATA[]]></system-out>
  <system-err><![CDATA[]]></system-err>
</testsuite>
